<?xml version="1.0" encoding="UTF-8"?>
<!-- Generated by org.testng.reporters.JUnitXMLReporter -->
<testsuite hostname="hp" ignored="0" name="Default test" tests="5" failures="0" timestamp="2021-01-05T11:03:45 IST" time="85.033" errors="0">
  <testcase name="rundriverConfig" time="19.844" classname="com.qa.TestCases.TestRunFunctional"/>
  <testcase name="runHomePage" time="1.481" classname="com.qa.TestCases.TestRunFunctional"/>
  <testcase name="RunPage1Testcases" time="30.981" classname="com.qa.TestCases.TestRunFunctional"/>
  <testcase name="runPage2TestCases" time="29.057" classname="com.qa.TestCases.TestRunFunctional"/>
  <testcase name="runCanvas" time="3.5" classname="com.qa.TestCases.TestRunFunctional"/>
</testsuite> <!-- Default test -->
