<?xml version="1.0" encoding="UTF-8"?>
<!-- Generated by org.testng.reporters.JUnitXMLReporter -->
<testsuite hostname="hp" ignored="0" name="Default test" tests="3" failures="0" timestamp="2021-01-07T16:36:03 IST" time="137.253" errors="0">
  <testcase name="verifyCredentialsDependency" time="62.038" classname="com.qa.TestCases.TestRunConfirmation"/>
  <testcase name="verifyCredentialsValidation" time="10.748" classname="com.qa.TestCases.TestRunConfirmation"/>
  <testcase name="verifybrokenLinks" time="61.102" classname="com.qa.TestCases.TestRunConfirmation"/>
</testsuite> <!-- Default test -->
