<?xml version="1.0" encoding="UTF-8"?>
<!-- Generated by org.testng.reporters.JUnitXMLReporter -->
<testsuite ignored="0" hostname="BDC14-L-151FN8H" failures="0" tests="6" name="AllFunctionalTest" time="40.845" errors="0" timestamp="2024-05-06T20:20:36 IST">
  <testcase classname="com.qa.testcases.FunctionalTest" name="runSelectInitialPage" time="1.112"/>
  <testcase classname="com.qa.testcases.FunctionalTest" name="runSelectInitialPage" time="0.814"/>
  <testcase classname="com.qa.testcases.FunctionalTest" name="runSelectInitialPage" time="1.177"/>
  <testcase classname="com.qa.testcases.FunctionalTest" name="RunPage1Testcases" time="6.611"/>
  <testcase classname="com.qa.testcases.FunctionalTest" name="runPage2TestCases" time="13.545"/>
  <testcase classname="com.qa.testcases.FunctionalTest" name="runCanvas" time="9.842"/>
</testsuite> <!-- AllFunctionalTest -->
