<?xml version="1.0" encoding="UTF-8"?>
<!-- Generated by org.testng.reporters.JUnitXMLReporter -->
<testsuite hostname="hp" ignored="0" name="AllFucntionalTest" tests="5" failures="0" timestamp="2021-01-07T17:04:20 IST" time="60.782" errors="0">
  <testcase name="rundriverConfig" time="9.993" classname="com.qa.TestCases.TestRunFunctional"/>
  <testcase name="runHomePage" time="1.97" classname="com.qa.TestCases.TestRunFunctional"/>
  <testcase name="RunPage1Testcases" time="16.714" classname="com.qa.TestCases.TestRunFunctional"/>
  <testcase name="runPage2TestCases" time="28.934" classname="com.qa.TestCases.TestRunFunctional"/>
  <testcase name="runCanvas" time="2.98" classname="com.qa.TestCases.TestRunFunctional"/>
</testsuite> <!-- AllFucntionalTest -->
