<?xml version="1.0" encoding="UTF-8"?>
<!-- Generated by org.testng.reporters.JUnitXMLReporter -->
<testsuite hostname="hp" ignored="0" name="AllFunctionalTest" tests="5" failures="0" timestamp="2021-01-06T12:13:12 IST" time="91.531" errors="0">
  <testcase name="rundriverConfig" time="19.831" classname="com.qa.TestCases.TestRunFunctional"/>
  <testcase name="runHomePage" time="4.908" classname="com.qa.TestCases.TestRunFunctional"/>
  <testcase name="RunPage1Testcases" time="38.247" classname="com.qa.TestCases.TestRunFunctional"/>
  <testcase name="runPage2TestCases" time="23.555" classname="com.qa.TestCases.TestRunFunctional"/>
  <testcase name="runCanvas" time="4.748" classname="com.qa.TestCases.TestRunFunctional"/>
</testsuite> <!-- AllFunctionalTest -->
