<?xml version="1.0" encoding="UTF-8"?>
<!-- Generated by org.testng.reporters.JUnitXMLReporter -->
<testsuite hostname="hp" ignored="0" name="AllIntegrationTest" tests="5" failures="0" timestamp="2021-01-07T17:03:19 IST" time="36.958" errors="0">
  <testcase name="rundriverConfig" time="9.928" classname="com.qa.TestCases.TestRunIntegration"/>
  <testcase name="runHomePage" time="1.041" classname="com.qa.TestCases.TestRunIntegration"/>
  <testcase name="runIntegrationTestPage1Ele" time="4.239" classname="com.qa.TestCases.TestRunIntegration"/>
  <testcase name="runIntegrationTestPage2Ele" time="16.402" classname="com.qa.TestCases.TestRunIntegration"/>
  <testcase name="runCanvas" time="2.838" classname="com.qa.TestCases.TestRunIntegration"/>
</testsuite> <!-- AllIntegrationTest -->
