<?xml version="1.0" encoding="UTF-8"?>
<!-- Generated by org.testng.reporters.JUnitXMLReporter -->
<testsuite hostname="hp" ignored="0" name="AllUnitTest" tests="5" failures="0" timestamp="2021-01-07T17:02:42 IST" time="72.449" errors="0">
  <testcase name="rundriverConfig" time="12.394" classname="com.qa.TestCases.TestRunUnit"/>
  <testcase name="runSelectInitialPage" time="1.235" classname="com.qa.TestCases.TestRunUnit"/>
  <testcase name="runUnitTestPage1Ele" time="2.908" classname="com.qa.TestCases.TestRunUnit"/>
  <testcase name="runUnitTestPage2Ele" time="25.847" classname="com.qa.TestCases.TestRunUnit"/>
  <testcase name="runCanvas" time="28.99" classname="com.qa.TestCases.TestRunUnit"/>
</testsuite> <!-- AllUnitTest -->
