<?xml version="1.0" encoding="UTF-8"?>
<!-- Generated by org.testng.reporters.JUnitXMLReporter -->
<testsuite ignored="0" hostname="BDC14-L-151FN8H" failures="0" tests="4" name="AllUnitTest" time="11.1" errors="0" timestamp="2024-05-06T17:11:55 IST">
  <testcase classname="com.qa.testcases.ModuleHomePageTest" name="rundriverConfig" time="7.796"/>
  <testcase classname="com.qa.testcases.ModuleHomePageTest" name="runSelectInitialPage" time="0.429"/>
  <testcase classname="com.qa.testcases.ModuleHomePageTest" name="runSelectInitialPage" time="1.267"/>
  <testcase classname="com.qa.testcases.ModuleHomePageTest" name="runSelectInitialPage" time="1.185"/>
</testsuite> <!-- AllUnitTest -->
