<?xml version="1.0" encoding="UTF-8"?>
<!-- Generated by org.testng.reporters.JUnitXMLReporter -->
<testsuite ignored="0" hostname="BDC14-L-151FN8H" failures="0" tests="6" name="IndividualModulesTest" time="107.129" errors="0" timestamp="2024-05-06T19:32:45 IST">
  <testcase classname="com.qa.testcases.ModulesTest" name="runSelectInitialPage" time="4.213"/>
  <testcase classname="com.qa.testcases.ModulesTest" name="runSelectInitialPage" time="2.37"/>
  <testcase classname="com.qa.testcases.ModulesTest" name="runSelectInitialPage" time="1.568"/>
  <testcase classname="com.qa.testcases.ModulesTest" name="runPage1Ele" time="17.63"/>
  <testcase classname="com.qa.testcases.ModulesTest" name="runPage2Ele" time="41.3"/>
  <testcase classname="com.qa.testcases.ModulesTest" name="runCanvas" time="14.452"/>
</testsuite> <!-- IndividualModulesTest -->
