<?xml version="1.0" encoding="UTF-8"?>
<!-- Generated by org.testng.reporters.JUnitXMLReporter -->
<testsuite ignored="0" hostname="BDC14-L-151FN8H" failures="0" tests="4" name="ModulesTest" time="9.383" errors="0" timestamp="2024-05-06T17:13:50 IST">
  <testcase classname="com.qa.testcases.ModuleHomePageTest" name="rundriverConfig" time="7.811"/>
  <testcase classname="com.qa.testcases.ModuleHomePageTest" name="runSelectInitialPage" time="0.673"/>
  <testcase classname="com.qa.testcases.ModuleHomePageTest" name="runSelectInitialPage" time="0.248"/>
  <testcase classname="com.qa.testcases.ModuleHomePageTest" name="runSelectInitialPage" time="0.369"/>
</testsuite> <!-- ModulesTest -->
