<?xml version="1.0" encoding="UTF-8"?>
<!-- Generated by org.testng.reporters.JUnitXMLReporter -->
<testsuite hostname="hp" ignored="0" name="ReTestfor#1And#2" tests="3" failures="0" timestamp="2021-01-07T16:40:34 IST" time="122.545" errors="0">
  <testcase name="verifyCredentialsDependency" time="24.185" classname="com.qa.TestCases.TestRunConfirmation"/>
  <testcase name="verifyCredentialsValidation" time="30.805" classname="com.qa.TestCases.TestRunConfirmation"/>
  <testcase name="verifybrokenLinks" time="67.476" classname="com.qa.TestCases.TestRunConfirmation"/>
</testsuite> <!-- ReTestfor#1And#2 -->
